DEPRECATION WARNING: ActiveRecord::Base.raise_in_transactional_callbacks= is deprecated, has no effect and will be removed without replacement. (called from load at /Users/frankiepancakes/.gem/ruby/2.3.3/bin/rake:22)
  [1m[35m (224.2ms)[0m  [1m[35mDROP DATABASE IF EXISTS "fantasy_houses_test"[0m
  [1m[35m (858.8ms)[0m  [1m[35mCREATE DATABASE "fantasy_houses_test" ENCODING = 'unicode'[0m
DEPRECATION WARNING: ActiveRecord::Base.raise_in_transactional_callbacks= is deprecated, has no effect and will be removed without replacement. (called from raise_in_transactional_callbacks= at /Users/frankiepancakes/.gem/ruby/2.3.3/gems/activerecord-5.0.0/lib/active_record/transactions.rb:283)
DEPRECATION WARNING: ActiveRecord::Base.raise_in_transactional_callbacks= is deprecated, has no effect and will be removed without replacement. (called from load at /Users/frankiepancakes/.gem/ruby/2.3.3/bin/rake:22)
  [1m[35m (168.0ms)[0m  [1m[35mCREATE TABLE "schema_migrations" ("version" character varying PRIMARY KEY)[0m
  [1m[35m (25.2ms)[0m  [1m[35mCREATE TABLE "ar_internal_metadata" ("key" character varying PRIMARY KEY, "value" character varying, "created_at" timestamp NOT NULL, "updated_at" timestamp NOT NULL)[0m
  [1m[35m (29.8ms)[0m  [1m[34mSELECT pg_try_advisory_lock(8546372934869750190);[0m
  [1m[36mActiveRecord::SchemaMigration Load (0.7ms)[0m  [1m[34mSELECT "schema_migrations".* FROM "schema_migrations"[0m
Migrating to Houses (20170413170031)
  [1m[35m (6.6ms)[0m  [1m[35mBEGIN[0m
  [1m[35m (33.1ms)[0m  [1m[35mCREATE TABLE "houses" ("id" serial primary key, "name" character varying NOT NULL, "source" character varying NOT NULL, "author" character varying NOT NULL, "motto" character varying, "created_at" timestamp NOT NULL, "updated_at" timestamp NOT NULL)[0m
  [1m[35mSQL (26.8ms)[0m  [1m[32mINSERT INTO "schema_migrations" ("version") VALUES ($1) RETURNING "version"[0m  [["version", "20170413170031"]]
  [1m[35m (0.7ms)[0m  [1m[35mCOMMIT[0m
  [1m[36mActiveRecord::InternalMetadata Load (1.2ms)[0m  [1m[34mSELECT  "ar_internal_metadata".* FROM "ar_internal_metadata" WHERE "ar_internal_metadata"."key" = $1 LIMIT $2[0m  [["key", :environment], ["LIMIT", 1]]
  [1m[35m (0.4ms)[0m  [1m[35mBEGIN[0m
  [1m[35mSQL (7.1ms)[0m  [1m[32mINSERT INTO "ar_internal_metadata" ("key", "value", "created_at", "updated_at") VALUES ($1, $2, $3, $4) RETURNING "key"[0m  [["key", "environment"], ["value", "development"], ["created_at", 2017-04-13 17:05:31 UTC], ["updated_at", 2017-04-13 17:05:31 UTC]]
  [1m[35m (9.6ms)[0m  [1m[35mCOMMIT[0m
  [1m[35m (0.6ms)[0m  [1m[34mSELECT pg_advisory_unlock(8546372934869750190)[0m
  [1m[36mActiveRecord::SchemaMigration Load (9.5ms)[0m  [1m[34mSELECT "schema_migrations".* FROM "schema_migrations"[0m
  [1m[35m (7.7ms)[0m  [1m[34mSELECT t2.oid::regclass::text AS to_table, a1.attname AS column, a2.attname AS primary_key, c.conname AS name, c.confupdtype AS on_update, c.confdeltype AS on_delete
FROM pg_constraint c
JOIN pg_class t1 ON c.conrelid = t1.oid
JOIN pg_class t2 ON c.confrelid = t2.oid
JOIN pg_attribute a1 ON a1.attnum = c.conkey[1] AND a1.attrelid = t1.oid
JOIN pg_attribute a2 ON a2.attnum = c.confkey[1] AND a2.attrelid = t2.oid
JOIN pg_namespace t3 ON c.connamespace = t3.oid
WHERE c.contype = 'f'
  AND t1.relname = 'houses'
  AND t3.nspname = ANY (current_schemas(false))
ORDER BY c.conname
[0m
DEPRECATION WARNING: ActiveRecord::Base.raise_in_transactional_callbacks= is deprecated, has no effect and will be removed without replacement. (called from load at /Users/frankiepancakes/.gem/ruby/2.3.3/bin/rake:22)
  [1m[36mActiveRecord::SchemaMigration Load (0.7ms)[0m  [1m[34mSELECT "schema_migrations".* FROM "schema_migrations"[0m
  [1m[35m (0.3ms)[0m  [1m[34mSELECT pg_try_advisory_lock(8546372934869750190);[0m
  [1m[36mActiveRecord::SchemaMigration Load (0.4ms)[0m  [1m[34mSELECT "schema_migrations".* FROM "schema_migrations"[0m
Migrating to Houses (20170413170031)
  [1m[35m (0.3ms)[0m  [1m[35mBEGIN[0m
  [1m[35m (59.5ms)[0m  [1m[35mDROP TABLE "houses"[0m
  [1m[35mSQL (2.0ms)[0m  [1m[31mDELETE FROM "schema_migrations" WHERE "schema_migrations"."version" = $1[0m  [["version", "20170413170031"]]
  [1m[35m (20.1ms)[0m  [1m[35mCOMMIT[0m
  [1m[35m (0.5ms)[0m  [1m[34mSELECT pg_advisory_unlock(8546372934869750190)[0m
  [1m[36mActiveRecord::SchemaMigration Load (0.3ms)[0m  [1m[34mSELECT "schema_migrations".* FROM "schema_migrations"[0m
DEPRECATION WARNING: ActiveRecord::Base.raise_in_transactional_callbacks= is deprecated, has no effect and will be removed without replacement. (called from load at /Users/frankiepancakes/.gem/ruby/2.3.3/bin/rake:22)
  [1m[35m (0.4ms)[0m  [1m[34mSELECT pg_try_advisory_lock(8546372934869750190);[0m
  [1m[36mActiveRecord::SchemaMigration Load (0.7ms)[0m  [1m[34mSELECT "schema_migrations".* FROM "schema_migrations"[0m
Migrating to Houses (20170413170031)
  [1m[35m (0.4ms)[0m  [1m[35mBEGIN[0m
  [1m[35m (15.6ms)[0m  [1m[35mCREATE TABLE "houses" ("id" serial primary key, "name" character varying NOT NULL, "source" character varying NOT NULL, "author" character varying NOT NULL, "motto" character varying, "created_at" timestamp NOT NULL, "updated_at" timestamp NOT NULL)[0m
  [1m[35mSQL (0.6ms)[0m  [1m[32mINSERT INTO "schema_migrations" ("version") VALUES ($1) RETURNING "version"[0m  [["version", "20170413170031"]]
  [1m[35m (0.7ms)[0m  [1m[35mCOMMIT[0m
  [1m[36mActiveRecord::InternalMetadata Load (1.1ms)[0m  [1m[34mSELECT  "ar_internal_metadata".* FROM "ar_internal_metadata" WHERE "ar_internal_metadata"."key" = $1 LIMIT $2[0m  [["key", :environment], ["LIMIT", 1]]
  [1m[35m (0.3ms)[0m  [1m[35mBEGIN[0m
  [1m[35m (0.2ms)[0m  [1m[35mCOMMIT[0m
  [1m[35m (0.5ms)[0m  [1m[34mSELECT pg_advisory_unlock(8546372934869750190)[0m
  [1m[36mActiveRecord::SchemaMigration Load (0.4ms)[0m  [1m[34mSELECT "schema_migrations".* FROM "schema_migrations"[0m
  [1m[35m (8.4ms)[0m  [1m[34mSELECT t2.oid::regclass::text AS to_table, a1.attname AS column, a2.attname AS primary_key, c.conname AS name, c.confupdtype AS on_update, c.confdeltype AS on_delete
FROM pg_constraint c
JOIN pg_class t1 ON c.conrelid = t1.oid
JOIN pg_class t2 ON c.confrelid = t2.oid
JOIN pg_attribute a1 ON a1.attnum = c.conkey[1] AND a1.attrelid = t1.oid
JOIN pg_attribute a2 ON a2.attnum = c.confkey[1] AND a2.attrelid = t2.oid
JOIN pg_namespace t3 ON c.connamespace = t3.oid
WHERE c.contype = 'f'
  AND t1.relname = 'houses'
  AND t3.nspname = ANY (current_schemas(false))
ORDER BY c.conname
[0m
DEPRECATION WARNING: ActiveRecord::Base.raise_in_transactional_callbacks= is deprecated, has no effect and will be removed without replacement. (called from load at /Users/frankiepancakes/.gem/ruby/2.3.3/bin/rake:22)
  [1m[36mActiveRecord::SchemaMigration Load (25.7ms)[0m  [1m[34mSELECT "schema_migrations".* FROM "schema_migrations"[0m
  [1m[35m (6.3ms)[0m  [1m[34mSELECT "ar_internal_metadata"."value" FROM "ar_internal_metadata" WHERE "ar_internal_metadata"."key" = $1[0m  [["key", :environment]]
  [1m[36mActiveRecord::SchemaMigration Load (0.5ms)[0m  [1m[34mSELECT "schema_migrations".* FROM "schema_migrations"[0m
  [1m[35m (0.4ms)[0m  [1m[34mSELECT "ar_internal_metadata"."value" FROM "ar_internal_metadata" WHERE "ar_internal_metadata"."key" = $1[0m  [["key", :environment]]
  [1m[36mActiveRecord::SchemaMigration Load (0.4ms)[0m  [1m[34mSELECT "schema_migrations".* FROM "schema_migrations"[0m
  [1m[35m (0.3ms)[0m  [1m[34mSELECT "ar_internal_metadata"."value" FROM "ar_internal_metadata" WHERE "ar_internal_metadata"."key" = $1[0m  [["key", :environment]]
  [1m[35m (228.2ms)[0m  [1m[35mDROP DATABASE IF EXISTS "fantasy_houses_test"[0m
  [1m[35m (1047.9ms)[0m  [1m[35mCREATE DATABASE "fantasy_houses_test" ENCODING = 'unicode'[0m
  [1m[35mSQL (5.5ms)[0m  [1m[35mCREATE EXTENSION IF NOT EXISTS "plpgsql"[0m
  [1m[35m (76.6ms)[0m  [1m[35mCREATE TABLE "houses" ("id" serial primary key, "name" character varying NOT NULL, "source" character varying NOT NULL, "author" character varying NOT NULL, "motto" character varying, "created_at" timestamp NOT NULL, "updated_at" timestamp NOT NULL)[0m
  [1m[35m (5.6ms)[0m  [1m[35mCREATE TABLE "schema_migrations" ("version" character varying PRIMARY KEY)[0m
  [1m[35m (0.7ms)[0m  [1m[34mSELECT version FROM "schema_migrations"[0m
  [1m[35m (3.7ms)[0m  [1m[32mINSERT INTO "schema_migrations" (version) VALUES ('20170413170031')[0m
  [1m[35m (9.4ms)[0m  [1m[35mCREATE TABLE "ar_internal_metadata" ("key" character varying PRIMARY KEY, "value" character varying, "created_at" timestamp NOT NULL, "updated_at" timestamp NOT NULL)[0m
  [1m[36mActiveRecord::InternalMetadata Load (1.0ms)[0m  [1m[34mSELECT  "ar_internal_metadata".* FROM "ar_internal_metadata" WHERE "ar_internal_metadata"."key" = $1 LIMIT $2[0m  [["key", :environment], ["LIMIT", 1]]
  [1m[35m (0.4ms)[0m  [1m[35mBEGIN[0m
  [1m[35mSQL (6.6ms)[0m  [1m[32mINSERT INTO "ar_internal_metadata" ("key", "value", "created_at", "updated_at") VALUES ($1, $2, $3, $4) RETURNING "key"[0m  [["key", "environment"], ["value", "development"], ["created_at", 2017-04-13 17:06:43 UTC], ["updated_at", 2017-04-13 17:06:43 UTC]]
  [1m[35m (5.6ms)[0m  [1m[35mCOMMIT[0m
  [1m[36mActiveRecord::InternalMetadata Load (12.4ms)[0m  [1m[34mSELECT  "ar_internal_metadata".* FROM "ar_internal_metadata" WHERE "ar_internal_metadata"."key" = $1 LIMIT $2[0m  [["key", :environment], ["LIMIT", 1]]
  [1m[35m (0.3ms)[0m  [1m[35mBEGIN[0m
  [1m[35m (0.3ms)[0m  [1m[35mCOMMIT[0m
Started GET "/" for 127.0.0.1 at 2017-04-13 13:24:00 -0400
DEPRECATION WARNING: ActiveRecord::Base.raise_in_transactional_callbacks= is deprecated, has no effect and will be removed without replacement. (called from raise_in_transactional_callbacks= at /Users/frankiepancakes/.gem/ruby/2.3.3/gems/activerecord-5.0.0/lib/active_record/transactions.rb:283)
Started GET "/" for 127.0.0.1 at 2017-04-13 13:24:01 -0400
  [1m[36mActiveRecord::SchemaMigration Load (12.2ms)[0m  [1m[34mSELECT "schema_migrations".* FROM "schema_migrations"[0m
  [1m[36mActiveRecord::SchemaMigration Load (23.2ms)[0m  [1m[34mSELECT "schema_migrations".* FROM "schema_migrations"[0m
Started GET "/" for 127.0.0.1 at 2017-04-13 13:26:09 -0400
DEPRECATION WARNING: ActiveRecord::Base.raise_in_transactional_callbacks= is deprecated, has no effect and will be removed without replacement. (called from raise_in_transactional_callbacks= at /Users/frankiepancakes/.gem/ruby/2.3.3/gems/activerecord-5.0.0/lib/active_record/transactions.rb:283)
  [1m[36mActiveRecord::SchemaMigration Load (12.3ms)[0m  [1m[34mSELECT "schema_migrations".* FROM "schema_migrations"[0m
Processing by Rails::WelcomeController#index as HTML
  Parameters: {"internal"=>true}
  Rendering /Users/frankiepancakes/.gem/ruby/2.3.3/gems/railties-5.0.0/lib/rails/templates/rails/welcome/index.html.erb
  Rendered /Users/frankiepancakes/.gem/ruby/2.3.3/gems/railties-5.0.0/lib/rails/templates/rails/welcome/index.html.erb (8.4ms)
Completed 200 OK in 23ms (Views: 19.2ms | ActiveRecord: 0.0ms)


Started GET "/houses" for 127.0.0.1 at 2017-04-13 13:26:28 -0400
Processing by HousesController#index as HTML
  Rendering houses/index.html.erb within layouts/application
  Rendered houses/index.html.erb within layouts/application (1.0ms)
Completed 200 OK in 568ms (Views: 557.8ms | ActiveRecord: 0.0ms)


Started GET "/assets/application.self-377610cd7c1509e934744c810e3b4cf672dfbcacac3274e7d039827e2ae0fcc7.js?body=1" for 127.0.0.1 at 2017-04-13 13:26:28 -0400
Started GET "/assets/application.self-e80e8f2318043e8af94dddc2adad5a4f09739a8ebb323b3ab31cd71d45fd9113.css?body=1" for 127.0.0.1 at 2017-04-13 13:26:28 -0400
Started GET "/" for 127.0.0.1 at 2017-04-13 13:32:04 -0400
Started GET "/" for 127.0.0.1 at 2017-04-13 13:32:04 -0400
Processing by HousesController#index as HTML
  Rendering houses/index.html.erb within layouts/application
  Rendered houses/index.html.erb within layouts/application (2.9ms)
Completed 200 OK in 117ms (Views: 79.1ms | ActiveRecord: 0.0ms)


Processing by HousesController#index as HTML
  Rendering houses/index.html.erb within layouts/application
  Rendered houses/index.html.erb within layouts/application (0.1ms)
Completed 200 OK in 34ms (Views: 26.5ms | ActiveRecord: 0.0ms)


Started GET "/" for 127.0.0.1 at 2017-04-13 13:36:55 -0400
Processing by HousesController#index as HTML
  Rendering houses/index.html.erb within layouts/application
  [1m[36mHouse Load (52.9ms)[0m  [1m[34mSELECT "houses".* FROM "houses"[0m
  Rendered houses/index.html.erb within layouts/application (289.3ms)
Completed 200 OK in 367ms (Views: 112.5ms | ActiveRecord: 244.1ms)


Started GET "/" for 127.0.0.1 at 2017-04-13 13:38:22 -0400
Processing by HousesController#index as HTML
  Rendering houses/index.html.erb within layouts/application
  [1m[36mHouse Load (12.1ms)[0m  [1m[34mSELECT "houses".* FROM "houses"[0m
  Rendered houses/index.html.erb within layouts/application (40.7ms)
Completed 200 OK in 204ms (Views: 161.2ms | ActiveRecord: 12.1ms)


Started GET "/" for 127.0.0.1 at 2017-04-13 14:11:36 -0400
Processing by HousesController#index as HTML
  Rendering houses/index.html.erb within layouts/application
  [1m[36mHouse Load (47.4ms)[0m  [1m[34mSELECT "houses".* FROM "houses"[0m
  Rendered houses/index.html.erb within layouts/application (179.4ms)
Completed 200 OK in 275ms (Views: 91.7ms | ActiveRecord: 163.5ms)


Started GET "/new" for 127.0.0.1 at 2017-04-13 14:11:46 -0400
  
ActionController::RoutingError (No route matches [GET] "/new"):
  
actionpack (5.0.0) lib/action_dispatch/middleware/debug_exceptions.rb:53:in `call'
web-console (2.3.0) lib/web_console/middleware.rb:28:in `block in call'
web-console (2.3.0) lib/web_console/middleware.rb:18:in `catch'
web-console (2.3.0) lib/web_console/middleware.rb:18:in `call'
actionpack (5.0.0) lib/action_dispatch/middleware/show_exceptions.rb:31:in `call'
railties (5.0.0) lib/rails/rack/logger.rb:36:in `call_app'
railties (5.0.0) lib/rails/rack/logger.rb:24:in `block in call'
activesupport (5.0.0) lib/active_support/tagged_logging.rb:70:in `block in tagged'
activesupport (5.0.0) lib/active_support/tagged_logging.rb:26:in `tagged'
activesupport (5.0.0) lib/active_support/tagged_logging.rb:70:in `tagged'
railties (5.0.0) lib/rails/rack/logger.rb:24:in `call'
actionpack (5.0.0) lib/action_dispatch/middleware/request_id.rb:24:in `call'
rack (2.0.1) lib/rack/method_override.rb:22:in `call'
rack (2.0.1) lib/rack/runtime.rb:22:in `call'
activesupport (5.0.0) lib/active_support/cache/strategy/local_cache_middleware.rb:28:in `call'
actionpack (5.0.0) lib/action_dispatch/middleware/executor.rb:12:in `call'
actionpack (5.0.0) lib/action_dispatch/middleware/static.rb:136:in `call'
rack (2.0.1) lib/rack/sendfile.rb:111:in `call'
railties (5.0.0) lib/rails/engine.rb:522:in `call'
rack (2.0.1) lib/rack/handler/webrick.rb:86:in `service'
/Users/frankiepancakes/.rubies/ruby-2.3.3/lib/ruby/2.3.0/webrick/httpserver.rb:140:in `service'
/Users/frankiepancakes/.rubies/ruby-2.3.3/lib/ruby/2.3.0/webrick/httpserver.rb:96:in `run'
/Users/frankiepancakes/.rubies/ruby-2.3.3/lib/ruby/2.3.0/webrick/server.rb:296:in `block in start_thread'
  Rendering /Users/frankiepancakes/.gem/ruby/2.3.3/gems/actionpack-5.0.0/lib/action_dispatch/middleware/templates/rescues/routing_error.html.erb within rescues/layout
  Rendering /Users/frankiepancakes/.gem/ruby/2.3.3/gems/actionpack-5.0.0/lib/action_dispatch/middleware/templates/rescues/_trace.html.erb
  Rendered /Users/frankiepancakes/.gem/ruby/2.3.3/gems/actionpack-5.0.0/lib/action_dispatch/middleware/templates/rescues/_trace.html.erb (4.7ms)
  Rendered collection of /Users/frankiepancakes/.gem/ruby/2.3.3/gems/actionpack-5.0.0/lib/action_dispatch/middleware/templates/routes/_route.html.erb [3 times] (63.0ms)
  Rendered /Users/frankiepancakes/.gem/ruby/2.3.3/gems/actionpack-5.0.0/lib/action_dispatch/middleware/templates/routes/_table.html.erb (58.2ms)
  Rendering /Users/frankiepancakes/.gem/ruby/2.3.3/gems/actionpack-5.0.0/lib/action_dispatch/middleware/templates/rescues/_request_and_response.html.erb
  Rendered /Users/frankiepancakes/.gem/ruby/2.3.3/gems/actionpack-5.0.0/lib/action_dispatch/middleware/templates/rescues/_request_and_response.html.erb (3.9ms)
  Rendered /Users/frankiepancakes/.gem/ruby/2.3.3/gems/actionpack-5.0.0/lib/action_dispatch/middleware/templates/rescues/routing_error.html.erb within rescues/layout (278.4ms)
DEPRECATION WARNING: Accessing mime types via constants is deprecated. Please change `Mime::HTML` to `Mime[:html]`. (called from const_missing at /Users/frankiepancakes/.gem/ruby/2.3.3/gems/actionpack-5.0.0/lib/action_dispatch/http/mime_type.rb:52)
  Rendering /Users/frankiepancakes/.gem/ruby/2.3.3/gems/web-console-2.3.0/lib/web_console/templates/index.html.erb
  Rendered /Users/frankiepancakes/.gem/ruby/2.3.3/gems/web-console-2.3.0/lib/web_console/templates/_markup.html.erb (0.7ms)
  Rendering /Users/frankiepancakes/.gem/ruby/2.3.3/gems/web-console-2.3.0/lib/web_console/templates/console.js.erb within layouts/javascript
  Rendering /Users/frankiepancakes/.gem/ruby/2.3.3/gems/web-console-2.3.0/lib/web_console/templates/_inner_console_markup.html.erb within layouts/inlined_string
  Rendered /Users/frankiepancakes/.gem/ruby/2.3.3/gems/web-console-2.3.0/lib/web_console/templates/_inner_console_markup.html.erb within layouts/inlined_string (1.1ms)
  Rendering /Users/frankiepancakes/.gem/ruby/2.3.3/gems/web-console-2.3.0/lib/web_console/templates/_prompt_box_markup.html.erb within layouts/inlined_string
  Rendered /Users/frankiepancakes/.gem/ruby/2.3.3/gems/web-console-2.3.0/lib/web_console/templates/_prompt_box_markup.html.erb within layouts/inlined_string (0.7ms)
  Rendering /Users/frankiepancakes/.gem/ruby/2.3.3/gems/web-console-2.3.0/lib/web_console/templates/style.css.erb within layouts/inlined_string
  Rendered /Users/frankiepancakes/.gem/ruby/2.3.3/gems/web-console-2.3.0/lib/web_console/templates/style.css.erb within layouts/inlined_string (0.9ms)
DEPRECATION WARNING: Accessing mime types via constants is deprecated. Please change `Mime::WEB_CONSOLE_V2` to `Mime[:web_console_v2]`. (called from const_missing at /Users/frankiepancakes/.gem/ruby/2.3.3/gems/actionpack-5.0.0/lib/action_dispatch/http/mime_type.rb:52)
  Rendered /Users/frankiepancakes/.gem/ruby/2.3.3/gems/web-console-2.3.0/lib/web_console/templates/console.js.erb within layouts/javascript (136.5ms)
  Rendering /Users/frankiepancakes/.gem/ruby/2.3.3/gems/web-console-2.3.0/lib/web_console/templates/main.js.erb within layouts/javascript
  Rendered /Users/frankiepancakes/.gem/ruby/2.3.3/gems/web-console-2.3.0/lib/web_console/templates/main.js.erb within layouts/javascript (0.6ms)
  Rendering /Users/frankiepancakes/.gem/ruby/2.3.3/gems/web-console-2.3.0/lib/web_console/templates/error_page.js.erb within layouts/javascript
  Rendered /Users/frankiepancakes/.gem/ruby/2.3.3/gems/web-console-2.3.0/lib/web_console/templates/error_page.js.erb within layouts/javascript (2.7ms)
  Rendered /Users/frankiepancakes/.gem/ruby/2.3.3/gems/web-console-2.3.0/lib/web_console/templates/index.html.erb (307.3ms)
Started GET "/" for 127.0.0.1 at 2017-04-13 14:12:01 -0400
Processing by HousesController#index as HTML
  Rendering houses/index.html.erb within layouts/application
  [1m[36mHouse Load (1.4ms)[0m  [1m[34mSELECT "houses".* FROM "houses"[0m
  Rendered houses/index.html.erb within layouts/application (27.0ms)
Completed 200 OK in 190ms (Views: 175.2ms | ActiveRecord: 1.4ms)


  [1m[35m (6.3ms)[0m  [1m[35mBEGIN[0m
  [1m[35m (5.7ms)[0m  [1m[31mROLLBACK[0m
  [1m[35m (1.4ms)[0m  [1m[35mBEGIN[0m
  [1m[35m (0.5ms)[0m  [1m[31mROLLBACK[0m
Started GET "/" for 127.0.0.1 at 2017-04-13 14:20:46 -0400
Processing by HousesController#index as HTML
  Rendering houses/index.html.erb within layouts/application
  [1m[36mHouse Load (1.1ms)[0m  [1m[34mSELECT "houses".* FROM "houses"[0m
  Rendered houses/index.html.erb within layouts/application (8.2ms)
Completed 200 OK in 119ms (Views: 99.5ms | ActiveRecord: 1.1ms)


Started GET "/" for 127.0.0.1 at 2017-04-13 14:21:25 -0400
Processing by HousesController#index as HTML
  Rendering houses/index.html.erb within layouts/application
  [1m[36mHouse Load (32.9ms)[0m  [1m[34mSELECT "houses".* FROM "houses"[0m
  Rendered houses/index.html.erb within layouts/application (71.1ms)
Completed 200 OK in 338ms (Views: 286.8ms | ActiveRecord: 32.9ms)


Started GET "/assets/jquery.self-bd7ddd393353a8d2480a622e80342adf488fb6006d667e8b42e4c0073393abee.js?body=1" for 127.0.0.1 at 2017-04-13 14:21:26 -0400
Started GET "/assets/application.self-377610cd7c1509e934744c810e3b4cf672dfbcacac3274e7d039827e2ae0fcc7.js?body=1" for 127.0.0.1 at 2017-04-13 14:21:26 -0400
Started GET "/assets/jquery_ujs.self-784a997f6726036b1993eb2217c9cb558e1cbb801c6da88105588c56f13b466a.js?body=1" for 127.0.0.1 at 2017-04-13 14:21:27 -0400
Started GET "/assets/application.self-e80e8f2318043e8af94dddc2adad5a4f09739a8ebb323b3ab31cd71d45fd9113.css?body=1" for 127.0.0.1 at 2017-04-13 14:21:27 -0400
  [1m[35m (0.8ms)[0m  [1m[35mBEGIN[0m
  [1m[35mSQL (31.7ms)[0m  [1m[32mINSERT INTO "houses" ("name", "source", "author", "motto", "created_at", "updated_at") VALUES ($1, $2, $3, $4, $5, $6) RETURNING "id"[0m  [["name", "Stark"], ["source", "Game of Thrones"], ["author", "George R. R."], ["motto", "Anything you wanna be"], ["created_at", 2017-04-13 18:21:53 UTC], ["updated_at", 2017-04-13 18:21:53 UTC]]
  [1m[35m (18.1ms)[0m  [1m[35mCOMMIT[0m
Started GET "/" for 127.0.0.1 at 2017-04-13 14:21:58 -0400
Processing by HousesController#index as HTML
  Rendering houses/index.html.erb within layouts/application
  [1m[36mHouse Load (21.7ms)[0m  [1m[34mSELECT "houses".* FROM "houses"[0m
  Rendered houses/index.html.erb within layouts/application (195.7ms)
Completed 200 OK in 348ms (Views: 226.1ms | ActiveRecord: 80.8ms)


Started GET "/" for 127.0.0.1 at 2017-04-13 14:22:41 -0400
Processing by HousesController#index as HTML
  Rendering houses/index.html.erb within layouts/application
  [1m[36mHouse Load (12.1ms)[0m  [1m[34mSELECT "houses".* FROM "houses"[0m
  Rendered houses/index.html.erb within layouts/application (315.7ms)
Completed 500 Internal Server Error in 376ms (ActiveRecord: 12.1ms)


  
ActionView::Template::Error (undefined method `house_path' for #<#<Class:0x007fcbe5f72958>:0x007fcbe46b5208>
Did you mean?  houses_path):
    1: <h1>Hello List</h1>
    2: <h2><% @houses.each do |house| %>
    3: <%= link_to house.name, house %>
    4: <% end %>
  
app/views/houses/index.html.erb:3:in `block in _app_views_houses_index_html_erb___946441913640480802_70256843666160'
app/views/houses/index.html.erb:2:in `_app_views_houses_index_html_erb___946441913640480802_70256843666160'
  Rendering /Users/frankiepancakes/.gem/ruby/2.3.3/gems/actionpack-5.0.0/lib/action_dispatch/middleware/templates/rescues/template_error.html.erb within rescues/layout
  Rendering /Users/frankiepancakes/.gem/ruby/2.3.3/gems/actionpack-5.0.0/lib/action_dispatch/middleware/templates/rescues/_source.html.erb
  Rendered /Users/frankiepancakes/.gem/ruby/2.3.3/gems/actionpack-5.0.0/lib/action_dispatch/middleware/templates/rescues/_source.html.erb (9.8ms)
  Rendering /Users/frankiepancakes/.gem/ruby/2.3.3/gems/actionpack-5.0.0/lib/action_dispatch/middleware/templates/rescues/_trace.html.erb
  Rendered /Users/frankiepancakes/.gem/ruby/2.3.3/gems/actionpack-5.0.0/lib/action_dispatch/middleware/templates/rescues/_trace.html.erb (2.7ms)
  Rendering /Users/frankiepancakes/.gem/ruby/2.3.3/gems/actionpack-5.0.0/lib/action_dispatch/middleware/templates/rescues/_request_and_response.html.erb
  Rendered /Users/frankiepancakes/.gem/ruby/2.3.3/gems/actionpack-5.0.0/lib/action_dispatch/middleware/templates/rescues/_request_and_response.html.erb (1.8ms)
  Rendered /Users/frankiepancakes/.gem/ruby/2.3.3/gems/actionpack-5.0.0/lib/action_dispatch/middleware/templates/rescues/template_error.html.erb within rescues/layout (98.6ms)
DEPRECATION WARNING: #original_exception is deprecated. Use #cause instead. (called from block in render_exception_with_web_console at /Users/frankiepancakes/.gem/ruby/2.3.3/gems/web-console-2.3.0/lib/web_console/extensions.rb:16)
DEPRECATION WARNING: Accessing mime types via constants is deprecated. Please change `Mime::HTML` to `Mime[:html]`. (called from const_missing at /Users/frankiepancakes/.gem/ruby/2.3.3/gems/actionpack-5.0.0/lib/action_dispatch/http/mime_type.rb:52)
  Rendering /Users/frankiepancakes/.gem/ruby/2.3.3/gems/web-console-2.3.0/lib/web_console/templates/index.html.erb
  Rendered /Users/frankiepancakes/.gem/ruby/2.3.3/gems/web-console-2.3.0/lib/web_console/templates/_markup.html.erb (0.8ms)
  Rendering /Users/frankiepancakes/.gem/ruby/2.3.3/gems/web-console-2.3.0/lib/web_console/templates/console.js.erb within layouts/javascript
  Rendering /Users/frankiepancakes/.gem/ruby/2.3.3/gems/web-console-2.3.0/lib/web_console/templates/_inner_console_markup.html.erb within layouts/inlined_string
  Rendered /Users/frankiepancakes/.gem/ruby/2.3.3/gems/web-console-2.3.0/lib/web_console/templates/_inner_console_markup.html.erb within layouts/inlined_string (0.7ms)
  Rendering /Users/frankiepancakes/.gem/ruby/2.3.3/gems/web-console-2.3.0/lib/web_console/templates/_prompt_box_markup.html.erb within layouts/inlined_string
  Rendered /Users/frankiepancakes/.gem/ruby/2.3.3/gems/web-console-2.3.0/lib/web_console/templates/_prompt_box_markup.html.erb within layouts/inlined_string (0.5ms)
  Rendering /Users/frankiepancakes/.gem/ruby/2.3.3/gems/web-console-2.3.0/lib/web_console/templates/style.css.erb within layouts/inlined_string
  Rendered /Users/frankiepancakes/.gem/ruby/2.3.3/gems/web-console-2.3.0/lib/web_console/templates/style.css.erb within layouts/inlined_string (0.7ms)
DEPRECATION WARNING: Accessing mime types via constants is deprecated. Please change `Mime::WEB_CONSOLE_V2` to `Mime[:web_console_v2]`. (called from const_missing at /Users/frankiepancakes/.gem/ruby/2.3.3/gems/actionpack-5.0.0/lib/action_dispatch/http/mime_type.rb:52)
  Rendered /Users/frankiepancakes/.gem/ruby/2.3.3/gems/web-console-2.3.0/lib/web_console/templates/console.js.erb within layouts/javascript (81.8ms)
  Rendering /Users/frankiepancakes/.gem/ruby/2.3.3/gems/web-console-2.3.0/lib/web_console/templates/main.js.erb within layouts/javascript
  Rendered /Users/frankiepancakes/.gem/ruby/2.3.3/gems/web-console-2.3.0/lib/web_console/templates/main.js.erb within layouts/javascript (0.8ms)
  Rendering /Users/frankiepancakes/.gem/ruby/2.3.3/gems/web-console-2.3.0/lib/web_console/templates/error_page.js.erb within layouts/javascript
  Rendered /Users/frankiepancakes/.gem/ruby/2.3.3/gems/web-console-2.3.0/lib/web_console/templates/error_page.js.erb within layouts/javascript (2.2ms)
  Rendered /Users/frankiepancakes/.gem/ruby/2.3.3/gems/web-console-2.3.0/lib/web_console/templates/index.html.erb (186.8ms)
Started GET "/" for 127.0.0.1 at 2017-04-13 14:23:11 -0400
Processing by HousesController#index as HTML
  Rendering houses/index.html.erb within layouts/application
  [1m[36mHouse Load (4.2ms)[0m  [1m[34mSELECT "houses".* FROM "houses"[0m
  Rendered houses/index.html.erb within layouts/application (182.9ms)
Completed 500 Internal Server Error in 209ms (ActiveRecord: 4.2ms)


  
ActionView::Template::Error (undefined method `house_path' for #<#<Class:0x007fcbe5f72958>:0x007fcbeaa152a8>
Did you mean?  houses_path):
    1: <h1>Hello List</h1>
    2: <h2><% @houses.each do |house| %>
    3: <%= link_to house.name, house %>
    4: <% end %>
  
app/views/houses/index.html.erb:3:in `block in _app_views_houses_index_html_erb___946441913640480802_70256895766080'
app/views/houses/index.html.erb:2:in `_app_views_houses_index_html_erb___946441913640480802_70256895766080'
  Rendering /Users/frankiepancakes/.gem/ruby/2.3.3/gems/actionpack-5.0.0/lib/action_dispatch/middleware/templates/rescues/template_error.html.erb within rescues/layout
  Rendering /Users/frankiepancakes/.gem/ruby/2.3.3/gems/actionpack-5.0.0/lib/action_dispatch/middleware/templates/rescues/_source.html.erb
  Rendered /Users/frankiepancakes/.gem/ruby/2.3.3/gems/actionpack-5.0.0/lib/action_dispatch/middleware/templates/rescues/_source.html.erb (18.7ms)
  Rendering /Users/frankiepancakes/.gem/ruby/2.3.3/gems/actionpack-5.0.0/lib/action_dispatch/middleware/templates/rescues/_trace.html.erb
  Rendered /Users/frankiepancakes/.gem/ruby/2.3.3/gems/actionpack-5.0.0/lib/action_dispatch/middleware/templates/rescues/_trace.html.erb (7.5ms)
  Rendering /Users/frankiepancakes/.gem/ruby/2.3.3/gems/actionpack-5.0.0/lib/action_dispatch/middleware/templates/rescues/_request_and_response.html.erb
  Rendered /Users/frankiepancakes/.gem/ruby/2.3.3/gems/actionpack-5.0.0/lib/action_dispatch/middleware/templates/rescues/_request_and_response.html.erb (7.1ms)
  Rendered /Users/frankiepancakes/.gem/ruby/2.3.3/gems/actionpack-5.0.0/lib/action_dispatch/middleware/templates/rescues/template_error.html.erb within rescues/layout (180.2ms)
DEPRECATION WARNING: #original_exception is deprecated. Use #cause instead. (called from block in render_exception_with_web_console at /Users/frankiepancakes/.gem/ruby/2.3.3/gems/web-console-2.3.0/lib/web_console/extensions.rb:16)
DEPRECATION WARNING: Accessing mime types via constants is deprecated. Please change `Mime::HTML` to `Mime[:html]`. (called from const_missing at /Users/frankiepancakes/.gem/ruby/2.3.3/gems/actionpack-5.0.0/lib/action_dispatch/http/mime_type.rb:52)
  Rendering /Users/frankiepancakes/.gem/ruby/2.3.3/gems/web-console-2.3.0/lib/web_console/templates/index.html.erb
  Rendered /Users/frankiepancakes/.gem/ruby/2.3.3/gems/web-console-2.3.0/lib/web_console/templates/_markup.html.erb (0.6ms)
  Rendering /Users/frankiepancakes/.gem/ruby/2.3.3/gems/web-console-2.3.0/lib/web_console/templates/console.js.erb within layouts/javascript
  Rendering /Users/frankiepancakes/.gem/ruby/2.3.3/gems/web-console-2.3.0/lib/web_console/templates/_inner_console_markup.html.erb within layouts/inlined_string
  Rendered /Users/frankiepancakes/.gem/ruby/2.3.3/gems/web-console-2.3.0/lib/web_console/templates/_inner_console_markup.html.erb within layouts/inlined_string (0.5ms)
  Rendering /Users/frankiepancakes/.gem/ruby/2.3.3/gems/web-console-2.3.0/lib/web_console/templates/_prompt_box_markup.html.erb within layouts/inlined_string
  Rendered /Users/frankiepancakes/.gem/ruby/2.3.3/gems/web-console-2.3.0/lib/web_console/templates/_prompt_box_markup.html.erb within layouts/inlined_string (0.6ms)
  Rendering /Users/frankiepancakes/.gem/ruby/2.3.3/gems/web-console-2.3.0/lib/web_console/templates/style.css.erb within layouts/inlined_string
  Rendered /Users/frankiepancakes/.gem/ruby/2.3.3/gems/web-console-2.3.0/lib/web_console/templates/style.css.erb within layouts/inlined_string (0.8ms)
DEPRECATION WARNING: Accessing mime types via constants is deprecated. Please change `Mime::WEB_CONSOLE_V2` to `Mime[:web_console_v2]`. (called from const_missing at /Users/frankiepancakes/.gem/ruby/2.3.3/gems/actionpack-5.0.0/lib/action_dispatch/http/mime_type.rb:52)
  Rendered /Users/frankiepancakes/.gem/ruby/2.3.3/gems/web-console-2.3.0/lib/web_console/templates/console.js.erb within layouts/javascript (130.4ms)
  Rendering /Users/frankiepancakes/.gem/ruby/2.3.3/gems/web-console-2.3.0/lib/web_console/templates/main.js.erb within layouts/javascript
  Rendered /Users/frankiepancakes/.gem/ruby/2.3.3/gems/web-console-2.3.0/lib/web_console/templates/main.js.erb within layouts/javascript (2.2ms)
  Rendering /Users/frankiepancakes/.gem/ruby/2.3.3/gems/web-console-2.3.0/lib/web_console/templates/error_page.js.erb within layouts/javascript
  Rendered /Users/frankiepancakes/.gem/ruby/2.3.3/gems/web-console-2.3.0/lib/web_console/templates/error_page.js.erb within layouts/javascript (0.7ms)
  Rendered /Users/frankiepancakes/.gem/ruby/2.3.3/gems/web-console-2.3.0/lib/web_console/templates/index.html.erb (286.8ms)
Started GET "/" for 127.0.0.1 at 2017-04-13 14:23:35 -0400
Processing by HousesController#index as HTML
  Rendering houses/index.html.erb within layouts/application
  [1m[36mHouse Load (3.9ms)[0m  [1m[34mSELECT "houses".* FROM "houses"[0m
  Rendered houses/index.html.erb within layouts/application (161.3ms)
Completed 500 Internal Server Error in 188ms (ActiveRecord: 3.9ms)


  
ActionView::Template::Error (undefined method `house_path' for #<#<Class:0x007fcbe5f72958>:0x007fcbebad3068>
Did you mean?  houses_path):
    1: <h1>Hello List</h1>
    2: <h2><% @houses.each do |house| %>
    3:   <%= link_to house.name, house %>
    4: <% end %>
  
app/views/houses/index.html.erb:3:in `block in _app_views_houses_index_html_erb___946441913640480802_70256904543520'
app/views/houses/index.html.erb:2:in `_app_views_houses_index_html_erb___946441913640480802_70256904543520'
  Rendering /Users/frankiepancakes/.gem/ruby/2.3.3/gems/actionpack-5.0.0/lib/action_dispatch/middleware/templates/rescues/template_error.html.erb within rescues/layout
  Rendering /Users/frankiepancakes/.gem/ruby/2.3.3/gems/actionpack-5.0.0/lib/action_dispatch/middleware/templates/rescues/_source.html.erb
  Rendered /Users/frankiepancakes/.gem/ruby/2.3.3/gems/actionpack-5.0.0/lib/action_dispatch/middleware/templates/rescues/_source.html.erb (14.8ms)
  Rendering /Users/frankiepancakes/.gem/ruby/2.3.3/gems/actionpack-5.0.0/lib/action_dispatch/middleware/templates/rescues/_trace.html.erb
  Rendered /Users/frankiepancakes/.gem/ruby/2.3.3/gems/actionpack-5.0.0/lib/action_dispatch/middleware/templates/rescues/_trace.html.erb (20.2ms)
  Rendering /Users/frankiepancakes/.gem/ruby/2.3.3/gems/actionpack-5.0.0/lib/action_dispatch/middleware/templates/rescues/_request_and_response.html.erb
  Rendered /Users/frankiepancakes/.gem/ruby/2.3.3/gems/actionpack-5.0.0/lib/action_dispatch/middleware/templates/rescues/_request_and_response.html.erb (5.1ms)
  Rendered /Users/frankiepancakes/.gem/ruby/2.3.3/gems/actionpack-5.0.0/lib/action_dispatch/middleware/templates/rescues/template_error.html.erb within rescues/layout (156.9ms)
DEPRECATION WARNING: #original_exception is deprecated. Use #cause instead. (called from block in render_exception_with_web_console at /Users/frankiepancakes/.gem/ruby/2.3.3/gems/web-console-2.3.0/lib/web_console/extensions.rb:16)
DEPRECATION WARNING: Accessing mime types via constants is deprecated. Please change `Mime::HTML` to `Mime[:html]`. (called from const_missing at /Users/frankiepancakes/.gem/ruby/2.3.3/gems/actionpack-5.0.0/lib/action_dispatch/http/mime_type.rb:52)
  Rendering /Users/frankiepancakes/.gem/ruby/2.3.3/gems/web-console-2.3.0/lib/web_console/templates/index.html.erb
  Rendered /Users/frankiepancakes/.gem/ruby/2.3.3/gems/web-console-2.3.0/lib/web_console/templates/_markup.html.erb (0.8ms)
  Rendering /Users/frankiepancakes/.gem/ruby/2.3.3/gems/web-console-2.3.0/lib/web_console/templates/console.js.erb within layouts/javascript
  Rendering /Users/frankiepancakes/.gem/ruby/2.3.3/gems/web-console-2.3.0/lib/web_console/templates/_inner_console_markup.html.erb within layouts/inlined_string
  Rendered /Users/frankiepancakes/.gem/ruby/2.3.3/gems/web-console-2.3.0/lib/web_console/templates/_inner_console_markup.html.erb within layouts/inlined_string (0.5ms)
  Rendering /Users/frankiepancakes/.gem/ruby/2.3.3/gems/web-console-2.3.0/lib/web_console/templates/_prompt_box_markup.html.erb within layouts/inlined_string
  Rendered /Users/frankiepancakes/.gem/ruby/2.3.3/gems/web-console-2.3.0/lib/web_console/templates/_prompt_box_markup.html.erb within layouts/inlined_string (0.6ms)
  Rendering /Users/frankiepancakes/.gem/ruby/2.3.3/gems/web-console-2.3.0/lib/web_console/templates/style.css.erb within layouts/inlined_string
  Rendered /Users/frankiepancakes/.gem/ruby/2.3.3/gems/web-console-2.3.0/lib/web_console/templates/style.css.erb within layouts/inlined_string (0.8ms)
DEPRECATION WARNING: Accessing mime types via constants is deprecated. Please change `Mime::WEB_CONSOLE_V2` to `Mime[:web_console_v2]`. (called from const_missing at /Users/frankiepancakes/.gem/ruby/2.3.3/gems/actionpack-5.0.0/lib/action_dispatch/http/mime_type.rb:52)
  Rendered /Users/frankiepancakes/.gem/ruby/2.3.3/gems/web-console-2.3.0/lib/web_console/templates/console.js.erb within layouts/javascript (98.0ms)
  Rendering /Users/frankiepancakes/.gem/ruby/2.3.3/gems/web-console-2.3.0/lib/web_console/templates/main.js.erb within layouts/javascript
  Rendered /Users/frankiepancakes/.gem/ruby/2.3.3/gems/web-console-2.3.0/lib/web_console/templates/main.js.erb within layouts/javascript (0.7ms)
  Rendering /Users/frankiepancakes/.gem/ruby/2.3.3/gems/web-console-2.3.0/lib/web_console/templates/error_page.js.erb within layouts/javascript
  Rendered /Users/frankiepancakes/.gem/ruby/2.3.3/gems/web-console-2.3.0/lib/web_console/templates/error_page.js.erb within layouts/javascript (0.8ms)
  Rendered /Users/frankiepancakes/.gem/ruby/2.3.3/gems/web-console-2.3.0/lib/web_console/templates/index.html.erb (234.1ms)
Started GET "/" for 127.0.0.1 at 2017-04-13 14:23:48 -0400
Processing by HousesController#index as HTML
  Rendering houses/index.html.erb within layouts/application
  [1m[36mHouse Load (7.3ms)[0m  [1m[34mSELECT "houses".* FROM "houses"[0m
  Rendered houses/index.html.erb within layouts/application (132.1ms)
Completed 200 OK in 186ms (Views: 59.6ms | ActiveRecord: 107.1ms)


Started GET "/houses/1" for 127.0.0.1 at 2017-04-13 14:24:00 -0400
Processing by HousesController#show as HTML
  Parameters: {"id"=>"1"}
  [1m[36mHouse Load (19.5ms)[0m  [1m[34mSELECT  "houses".* FROM "houses" WHERE "houses"."id" = $1 LIMIT $2[0m  [["id", 1], ["LIMIT", 1]]
  Rendering houses/show.html.erb within layouts/application
  Rendered houses/show.html.erb within layouts/application (0.6ms)
Completed 200 OK in 115ms (Views: 20.8ms | ActiveRecord: 45.4ms)


Started GET "/houses/1" for 127.0.0.1 at 2017-04-13 14:26:55 -0400
Processing by HousesController#show as HTML
  Parameters: {"id"=>"1"}
  [1m[36mHouse Load (37.5ms)[0m  [1m[34mSELECT  "houses".* FROM "houses" WHERE "houses"."id" = $1 LIMIT $2[0m  [["id", 1], ["LIMIT", 1]]
  Rendering houses/show.html.erb within layouts/application
  Rendered houses/show.html.erb within layouts/application (11.5ms)
Completed 200 OK in 441ms (Views: 76.3ms | ActiveRecord: 233.5ms)


Started GET "/assets/application.self-e80e8f2318043e8af94dddc2adad5a4f09739a8ebb323b3ab31cd71d45fd9113.css?body=1" for 127.0.0.1 at 2017-04-13 14:26:55 -0400
Started GET "/assets/jquery_ujs.self-784a997f6726036b1993eb2217c9cb558e1cbb801c6da88105588c56f13b466a.js?body=1" for 127.0.0.1 at 2017-04-13 14:26:55 -0400
Started GET "/assets/jquery.self-bd7ddd393353a8d2480a622e80342adf488fb6006d667e8b42e4c0073393abee.js?body=1" for 127.0.0.1 at 2017-04-13 14:26:55 -0400
Started GET "/assets/application.self-377610cd7c1509e934744c810e3b4cf672dfbcacac3274e7d039827e2ae0fcc7.js?body=1" for 127.0.0.1 at 2017-04-13 14:26:55 -0400
